
> kinship-app@0.0.0 dev
> vite


  VITE v7.3.0  ready in 341 ms

  ➜  Local:   http://localhost:4000/
  ➜  Network: http://192.168.0.2:4000/
6:58:42 PM [vite] (client) Pre-transform error: Failed to resolve import "./family_data.json" from "src/App.jsx". Does the file exist?
  Plugin: vite:import-analysis
  File: /app/kinship-app/src/App.jsx:2:23
  1  |  import { Fragment, jsxDEV } from "react/jsx-dev-runtime";
  2  |  var _s = $RefreshSig$(), _s2 = $RefreshSig$(), _s3 = $RefreshSig$(), _s4 = $RefreshSig$(), _s5 = $RefreshSig$(), _s6 ...
  3  |  import familyData from "./family_data.json";
     |                          ^
  4  |  import React, { useState, useMemo, useCallback } from "react";
  5  |  import ReactFlow, {
6:59:14 PM [vite] Internal server error: Failed to resolve import "./family_data.json" from "src/App.jsx". Does the file exist?
  Plugin: vite:import-analysis
  File: /app/kinship-app/src/App.jsx:2:23
  1  |  import { Fragment, jsxDEV } from "react/jsx-dev-runtime";
  2  |  var _s = $RefreshSig$(), _s2 = $RefreshSig$(), _s3 = $RefreshSig$(), _s4 = $RefreshSig$(), _s5 = $RefreshSig$(), _s6 ...
  3  |  import familyData from "./family_data.json";
     |                          ^
  4  |  import React, { useState, useMemo, useCallback } from "react";
  5  |  import ReactFlow, {
      at TransformPluginContext._formatLog (file:///app/kinship-app/node_modules/vite/dist/node/chunks/config.js:28998:43)
      at TransformPluginContext.error (file:///app/kinship-app/node_modules/vite/dist/node/chunks/config.js:28995:14)
      at normalizeUrl (file:///app/kinship-app/node_modules/vite/dist/node/chunks/config.js:27118:18)
      at process.processTicksAndRejections (node:internal/process/task_queues:105:5)
      at async file:///app/kinship-app/node_modules/vite/dist/node/chunks/config.js:27176:32
      at async Promise.all (index 1)
      at async TransformPluginContext.transform (file:///app/kinship-app/node_modules/vite/dist/node/chunks/config.js:27144:4)
      at async EnvironmentPluginContainer.transform (file:///app/kinship-app/node_modules/vite/dist/node/chunks/config.js:28796:14)
      at async loadAndTransform (file:///app/kinship-app/node_modules/vite/dist/node/chunks/config.js:22669:26)
      at async viteTransformMiddleware (file:///app/kinship-app/node_modules/vite/dist/node/chunks/config.js:24541:20)
7:00:31 PM [vite] (client) page reload src/family_data.json
7:03:47 PM [vite] (client) hmr update /src/App.jsx, /src/index.css
