--- Scanning Narrative Document (GENEALOGY DSD Paternal Ancestry.docx) ---
Total paragraphs in document: 5926
Processing paragraph 0/5926
   > Detected Section: GENERATION I:  PARENTS - FATHER
   > Detected Section: GENERATION II:  GRANDPARENTS
   > Detected Section: GENERATION III:  GREAT GRANDPARENTS
   > Detected Section: GENERATION IV:  TWO GREAT GRANDPARENTS
   > Detected Section: GENERATION V:  THREE GREAT GRANDPARENTS
Successfully extracted 23 profiles from text.
--- Scanning Narrative Document (GENEALOGY DSD Maternal Ancestry.docx) ---
Total paragraphs in document: 4549
Processing paragraph 0/4549
   > Detected Section: GENERATION I:  PARENTS - MOTHER
   > Detected Section: GENERATION II:  GRANDPARENTS
   > Detected Section: GENERATION III:  GREAT GRANDPARENTS
   > Detected Section: GENERATION IV:  TWO GREAT GRANDPARENTS
   > Detected Section: GENERATION V:  THREE GREAT GRANDPARENTS
Successfully extracted 39 profiles from text.
--- Linking Family Members ---
--- Ariadne: Weaving Connections ---
Ariadne found 1 text-based connections.
--- Fetching Hero Images from Wikimedia ---
Data saved to kinship-app/src/family_data.json

   > Duplicate ID found: 15.1.2.2.2. Skipping new profile creation.
   > Duplicate ID found: 15.1.1.2. Skipping new profile creation.
   > Detected Section: GENERATION IX:  SEVEN GREAT GRANDPARENTS
   > Duplicate ID found: 9.2.1.1.1. Skipping new profile creation.
   > Duplicate ID found: 9.1.1.2.1. Skipping new profile creation.
   > Duplicate ID found: 11.1.2.2.2. Skipping new profile creation.
   > Duplicate ID found: 14.1.1.1.2. Skipping new profile creation.
   > Duplicate ID found: 16.2.2.2.1. Skipping new profile creation.
   > Duplicate ID found: 10.1.2.2.1.1. Skipping new profile creation.
   > Duplicate ID found: 8.2.2.2.2.2.1. Skipping new profile creation.
   > Duplicate ID found: 10.2.2.2.2. Skipping new profile creation.
Processing paragraph 2000/4549
   > Detected Section: GENERATION X:  EIGHT GREAT GRANDPARENTS
   > Duplicate ID found: 10.2.1.1.1.1.1. Skipping new profile creation.
   > Duplicate ID found: 10.2.1.2.2.1.1. Skipping new profile creation.
   > Duplicate ID found: 12.2.1.2.1.1.1. Skipping new profile creation.
   > Duplicate ID found: 11.1.2.1.1.1. Skipping new profile creation.
   > Duplicate ID found: 12.2.1.2.1.1.2. Skipping new profile creation.
   > Duplicate ID found: 11.1.2.1.1.2. Skipping new profile creation.
Processing paragraph 3000/4549
   > Duplicate ID found: 15.1.2.2.2.2.1. Skipping new profile creation.
   > Duplicate ID found: 1.2.2.2.1.2.1.1. Skipping new profile creation.
   > Duplicate ID found: 15.2.2.1.1.2. Skipping new profile creation.
   > Duplicate ID found: 16.1.1.2.2.1. Skipping new profile creation.
   > Duplicate ID found: 16.1.1.1.2.2.1. Skipping new profile creation.
   > Duplicate ID found: 16.1.1.1.2.2.2. Skipping new profile creation.
   > Duplicate ID found: 16.1.2.1.1.2.1. Skipping new profile creation.
   > Detected Section: GENERATION XI:  NINE GREAT GRANDPARENTS
   > Duplicate ID found: 10.2.1.2.1.1.2.1. Skipping new profile creation.
   > Duplicate ID found: 11.2.2.1.2.2.1. Skipping new profile creation.
   > Duplicate ID found: 10.2.2.2.2.1.1. Skipping new profile creation.
   > Duplicate ID found: 10.2.2.2.2.1.2. Skipping new profile creation.
   > Duplicate ID found: 11.1.2.2.1.2.2.1. Skipping new profile creation.
   > Duplicate ID found: 12.2.1.1.2.1.1.1. Skipping new profile creation.
   > Duplicate ID found: 10.2.2.2.2.1.1. Skipping new profile creation.
   > Duplicate ID found: 12.2.1.1.2.1.1.2. Skipping new profile creation.
   > Duplicate ID found: 10.2.2.2.2.1.2. Skipping new profile creation.
   > Duplicate ID found: 11.1.2.1.1.1.1. Skipping new profile creation.
   > Duplicate ID found: 11.1.2.1.1.1.2. Skipping new profile creation.
   > Duplicate ID found: 12.2.1.2.1.1.2.1. Skipping new profile creation.
   > Duplicate ID found: 11.1.2.1.1.2.1. Skipping new profile creation.
   > Duplicate ID found: 12.2.1.2.1.1.2.2. Skipping new profile creation.
   > Duplicate ID found: 11.1.2.1.1.2.2. Skipping new profile creation.
Processing paragraph 4000/4549
   > Duplicate ID found: 15.1.2.1.2.2.1.1. Skipping new profile creation.
   > Duplicate ID found: 15.1.2.1.2.2.1.2. Skipping new profile creation.
   > Duplicate ID found: 16.1.1.2.2.1. Skipping new profile creation.
   > Duplicate ID found: 16.1.1.1.2.2.2.1. Skipping new profile creation.
   > Duplicate ID found: 16.1.1.1.2.2.2.2. Skipping new profile creation.
   > Duplicate ID found: 16.1.1.1.2.2.1.1. Skipping new profile creation.
   > Duplicate ID found: 16.1.1.1.2.2.1.2. Skipping new profile creation.
   > Duplicate ID found: 16.1.1.1.2.2.2.1. Skipping new profile creation.
   > Duplicate ID found: 10.2.1.2.2.2.1.1. Skipping new profile creation.
   > Duplicate ID found: 16.1.1.1.2.2.2.2. Skipping new profile creation.
   > Duplicate ID found: 10.2.1.2.2.2.1.2. Skipping new profile creation.
   > Duplicate ID found: 16.1.2.1.1.2.1.1. Skipping new profile creation.
   > Detected Section: GENERATION XII (26 0f 2048)
   > Duplicate ID found: 16.1.1.2.2.1.1. Skipping new profile creation.
   > Duplicate ID found: 16.1.1.2.2.1.2. Skipping new profile creation.
Successfully extracted 1786 profiles from text.
   > Duplicate ID 10.2.1.1.1.1 found across lineages (Paternal vs Maternal). Keeping Paternal.
   > Duplicate ID 8.2.2.2.2.2.1 found across lineages (Paternal vs Maternal). Keeping Paternal.
   > Duplicate ID 10.2.1.1.1.2 found across lineages (Paternal vs Maternal). Keeping Paternal.
   > Duplicate ID 5.2.1.1.1.2.1 found across lineages (Paternal vs Maternal). Keeping Paternal.
   > Duplicate ID 10.2.1.1.1.1.1 found across lineages (Paternal vs Maternal). Keeping Paternal.
   > Duplicate ID 8.2.2.2.2.2.2.1 found across lineages (Paternal vs Maternal). Keeping Paternal.
   > Duplicate ID 8.2.2.2.2.2.2.2 found across lineages (Paternal vs Maternal). Keeping Paternal.
   > Duplicate ID 10.2.1.1.2.2.1 found across lineages (Paternal vs Maternal). Keeping Paternal.
   > Duplicate ID 8.2.1.2.1.1.1 found across lineages (Paternal vs Maternal). Keeping Paternal.
   > Duplicate ID 10.2.1.1.2.2.2 found across lineages (Paternal vs Maternal). Keeping Paternal.
   > Duplicate ID 8.2.1.2.1.1.2 found across lineages (Paternal vs Maternal). Keeping Paternal.
   > Duplicate ID 11.2.2.2.2.2.1 found across lineages (Paternal vs Maternal). Keeping Paternal.
   > Duplicate ID 1.1.1.2.1.1.1.1 found across lineages (Paternal vs Maternal). Keeping Paternal.
   > Duplicate ID 11.2.2.2.2.2.2 found across lineages (Paternal vs Maternal). Keeping Paternal.
   > Duplicate ID 1.1.1.2.1.1.1.2 found across lineages (Paternal vs Maternal). Keeping Paternal.
   > Duplicate ID 12.1.1.1.2.2.1 found across lineages (Paternal vs Maternal). Keeping Paternal.
   > Duplicate ID 3.2.1.1.2.2.2.1 found across lineages (Paternal vs Maternal). Keeping Paternal.
   > Duplicate ID 1.2.2.2.1.2.1.1 found across lineages (Paternal vs Maternal). Keeping Paternal.
   > Duplicate ID 1.1.2.2.2.1.2.1 found across lineages (Paternal vs Maternal). Keeping Paternal.
   > Duplicate ID 1.1.2.2.2.1.2.2 found across lineages (Paternal vs Maternal). Keeping Paternal.
   > Duplicate ID 2.1.2.2.1.1.2.1 found across lineages (Paternal vs Maternal). Keeping Paternal.
   > Duplicate ID 2.1.2.2.1.2.2.1 found across lineages (Paternal vs Maternal). Keeping Paternal.
   > Duplicate ID 2.1.2.2.1.2.2.2 found across lineages (Paternal vs Maternal). Keeping Paternal.
   > Duplicate ID 8.1.1.1.2.2.2.2.1 found across lineages (Paternal vs Maternal). Keeping Paternal.
   > Duplicate ID 8.1.1.1.2.2.2.2.2 found across lineages (Paternal vs Maternal). Keeping Paternal.
   > Duplicate ID 12.2.1.2.2.1.2.2.1 found across lineages (Paternal vs Maternal). Keeping Paternal.
   > Duplicate ID 4.2.1.1.2.2.1 found across lineages (Paternal vs Maternal). Keeping Paternal.
   > Duplicate ID 12.2.1.2.2.1.2.2.2 found across lineages (Paternal vs Maternal). Keeping Paternal.
   > Duplicate ID 4.2.1.1.2.2.2 found across lineages (Paternal vs Maternal). Keeping Paternal.
--- Linking Family Members ---
--- Ariadne: Weaving Connections ---
Ariadne found 74 text-based connections.
--- Fetching Hero Images from Wikimedia ---
Data saved to kinship-app/src/family_data.json
