--- Scanning Narrative Document (GENEALOGY DSD Paternal Ancestry.docx) ---
Total paragraphs in document: 5926
Processing paragraph 0/5926
   > Detected Section: GENERATION I:  PARENTS - FATHER
   > Detected Section: GENERATION II:  GRANDPARENTS
   > Detected Section: GENERATION III:  GREAT GRANDPARENTS
   > Detected Section: GENERATION IV:  TWO GREAT GRANDPARENTS
   > Detected Section: GENERATION V:  THREE GREAT GRANDPARENTS
   > Detected Section: GENERATION VI:  FOUR GREAT GRANDPARENTS
   > Duplicate ID found: 6.2. Skipping new profile creation.
   > Duplicate ID found: 7.1. Skipping new profile creation.
   > Duplicate ID found: 3.2. Skipping new profile creation.
   > Detected Section: GENERATION VII:  FIVE GREAT GRANDPARENTS
   > Duplicate ID found: 6.2. Skipping new profile creation.
   > Duplicate ID found: 7.1. Skipping new profile creation.
   > Detected Section: GENERATION VIII:  SIX GREAT GRANDPARENTS
   > Duplicate ID found: 1.1.2.1. Skipping new profile creation.
   > Duplicate ID found: 5.2.2.1. Skipping new profile creation.
Processing paragraph 1000/5926
   > Detected Section: GENERATION IX:  SEVEN GREAT GRANDPARENTS
   > Duplicate ID found: 4.2.1.2.2. Skipping new profile creation.
   > Duplicate ID found: 1.2.1.1.1.2. Skipping new profile creation.
   > Duplicate ID found: 1.2.1.1.1.2. Skipping new profile creation.
   > Duplicate ID found: 2.1.1.1.2. Skipping new profile creation.
   > Duplicate ID found: 3.2.2.2.2.2. Skipping new profile creation.
   > Duplicate ID found: 5.2.2.2.1.1. Skipping new profile creation.
Processing paragraph 2000/5926
   > Duplicate ID found: 5.2.1.1.1.1. Skipping new profile creation.
   > Duplicate ID found: 5.2.2.2.1.2. Skipping new profile creation.
   > Detected Section: GENERATION X:  EIGHT GREAT GRANDPARENTS
   > Duplicate ID found: 2.2.1.2.2.2. Skipping new profile creation.
   > Duplicate ID found: 3.1.2.2.1.2. Skipping new profile creation.
   > Duplicate ID found: 5.1.1.2.2.1. Skipping new profile creation.
   > Duplicate ID found: 5.1.2.1.2.2. Skipping new profile creation.
   > Duplicate ID found: 7.2.1.1.2.1. Skipping new profile creation.
   > Duplicate ID found: 8.1.2.2.1.1. Skipping new profile creation.
   > Duplicate ID found: 1.1.2.2.1.2. Skipping new profile creation.
   > Duplicate ID found: 3.1.1.1.1.1. Skipping new profile creation.
   > Duplicate ID found: 4.2.1.1.1.2. Skipping new profile creation.
   > Duplicate ID found: 4.2.1.1.2.1. Skipping new profile creation.
   > Duplicate ID found: 5.1.2.1.1.2. Skipping new profile creation.
   > Duplicate ID found: 5.1.2.1.2.2. Skipping new profile creation.
   > Duplicate ID found: 8.2.2.1.1.2. Skipping new profile creation.
   > Duplicate ID found: 1.2.2.1.2.2.2. Skipping new profile creation.
   > Duplicate ID found: 1.2.2.1.1.1.1. Skipping new profile creation.
   > Duplicate ID found: 1.2.2.1.1.1.1. Skipping new profile creation.
   > Duplicate ID found: 2.2.2.1.2.2.1. Skipping new profile creation.
   > Duplicate ID found: 2.1.1.2.2.2.1. Skipping new profile creation.
   > Duplicate ID found: 2.2.2.1.2.2.2. Skipping new profile creation.
   > Duplicate ID found: 2.1.1.2.2.2.2. Skipping new profile creation.
Processing paragraph 3000/5926
   > Duplicate ID found: 4.2. Skipping new profile creation.
   > Duplicate ID found: 3.2.1.1.1.1.1. Skipping new profile creation.
   > Duplicate ID found: 3.2.1.1.2.1.2. Skipping new profile creation.
   > Duplicate ID found: 3.1.1.1.1.1. Skipping new profile creation.
   > Duplicate ID found: 4.1.2.1.1.1.1. Skipping new profile creation.
   > Duplicate ID found: 4.1.1.2.1.1.1. Skipping new profile creation.
   > Duplicate ID found: 4.1.2.1.1.1.2. Skipping new profile creation.
   > Duplicate ID found: 4.1.1.2.1.1.2. Skipping new profile creation.
   > Duplicate ID found: 4.1.2.1.2.1.1. Skipping new profile creation.
   > Duplicate ID found: 4.2.2.1.2.2.2. Skipping new profile creation.
   > Duplicate ID found: 5.1.2.2.1.2.1. Skipping new profile creation.
   > Duplicate ID found: 5.2.1.1.1.2.1. Skipping new profile creation.
   > Duplicate ID found: 5.2.1.1.1.2.2. Skipping new profile creation.
   > Duplicate ID found: 5.2.1.1.2.1.1. Skipping new profile creation.
   > Duplicate ID found: 5.2.1.1.2.1.2. Skipping new profile creation.
   > Duplicate ID found: 6.1.1.2.1.2.1. Skipping new profile creation.
   > Duplicate ID found: 6.1.1.2.1.2.2. Skipping new profile creation.
   > Duplicate ID found: 7.2.1.2.2.2.1. Skipping new profile creation.
Processing paragraph 4000/5926
   > Duplicate ID found: 8.1.1.2.1.1.1. Skipping new profile creation.
   > Duplicate ID found: 8.2.2.1.2.1.1. Skipping new profile creation.
   > Duplicate ID found: 8.1.1.1.2.2.2. Skipping new profile creation.
   > Detected Section: GENERATION XI:  NINE GREAT GRAND PARENTS
   > Duplicate ID found: 1.2.2.1.1.1.1. Skipping new profile creation.
   > Duplicate ID found: 1.2.2.1.1.1.2. Skipping new profile creation.
   > Duplicate ID found: 1.2.2.1.2.2.1.1. Skipping new profile creation.
   > Duplicate ID found: 1.2.2.1.2.2.1.2. Skipping new profile creation.
   > Duplicate ID found: 1.2.2.1.1.1.1. Skipping new profile creation.
   > Duplicate ID found: 1.2.2.1.1.1.2. Skipping new profile creation.
   > Duplicate ID found: 2.1.1.1.1.2.2.1. Skipping new profile creation.
   > Duplicate ID found: 2.1.2.2.1.2.1.1. Skipping new profile creation.
   > Duplicate ID found: 2.1.2.2.1.2.1.2. Skipping new profile creation.
   > Duplicate ID found: 2.1.1.2.2.2.1.1. Skipping new profile creation.
   > Duplicate ID found: 2.1.1.2.2.2.1.2. Skipping new profile creation.
   > Duplicate ID found: 2.2.2.2.1.1.2.1. Skipping new profile creation.
   > Duplicate ID found: 2.2.2.2.1.1.2.2. Skipping new profile creation.
Processing paragraph 5000/5926
   > Duplicate ID found: 4.1.1.2.1.1.1.1. Skipping new profile creation.
   > Duplicate ID found: 4.1.2.1.1.1.2.1. Skipping new profile creation.
   > Duplicate ID found: 4.1.1.2.1.1.1.2. Skipping new profile creation.
   > Duplicate ID found: 4.1.1.1.2.2. Skipping new profile creation.
   > Duplicate ID found: 4.1.2.1.2.2.1.2. Skipping new profile creation.
   > Duplicate ID found: 4.2.2.2.1.2.1.2. Skipping new profile creation.
   > Duplicate ID found: 2.1.1.1.1.1.1. Skipping new profile creation.
   > Duplicate ID found: 7.2.2.2.2.2.1. Skipping new profile creation.
   > Duplicate ID found: 7.2.2.2.2.2.2. Skipping new profile creation.
   > Duplicate ID found: 2.1.2.1.1.2.2.1. Skipping new profile creation.
   > Duplicate ID found: 7.2.2.1.2.2.2.1. Skipping new profile creation.
   > Duplicate ID found: 2.1.2.1.1.2.2.2. Skipping new profile creation.
   > Duplicate ID found: 8.1.2.1.1.2.2.1. Skipping new profile creation.
   > Duplicate ID found: 8.1.2.2.2.2.1.1. Skipping new profile creation.
   > Duplicate ID found: 8.2.1.1.1.1.2.1. Skipping new profile creation.
   > Duplicate ID found: 2.2.1.1.1.1.1. Skipping new profile creation.
   > Detected Section: GENERATION XII:  TEN GREAT GRANDPARENTS
   > Duplicate ID found: 4.2.2.2.1.2.1.2. Skipping new profile creation.
Successfully extracted 1053 profiles from text.
--- Scanning Narrative Document (GENEALOGY DSD Maternal Ancestry.docx) ---
Total paragraphs in document: 4549
Processing paragraph 0/4549
   > Detected Section: GENERATION I:  PARENTS - MOTHER
   > Detected Section: GENERATION II:  GRANDPARENTS
   > Detected Section: GENERATION III:  GREAT GRANDPARENTS
   > Detected Section: GENERATION IV:  TWO GREAT GRANDPARENTS
   > Detected Section: GENERATION V:  THREE GREAT GRANDPARENTS
   > Detected Section: GENERATION VI:  FOUR GREAT GRANDPARENTS
   > Duplicate ID found: 13.1. Skipping new profile creation.
   > Detected Section: GENERATION VII:  FIVE GREAT GRANDPARENTS
   > Duplicate ID found: 11.2.1. Skipping new profile creation.
   > Duplicate ID found: 9.2.2. Skipping new profile creation.
   > Detected Section: GENERATION VIII:  SIX GREAT GRANDPARENTS
   > Duplicate ID found: 9.2.1.2. Skipping new profile creation.
   > Duplicate ID found: 14.2.1.2. Skipping new profile creation.
Processing paragraph 1000/4549
   > Duplicate ID found: 15.1.2.2.1. Skipping new profile creation.
   > Duplicate ID found: 15.1.1.1. Skipping new profile creation.