
> kinship-app@0.0.0 dev
> vite

Port 5173 is in use, trying another one...

  VITE v7.3.0  ready in 273 ms

  ➜  Local:   http://localhost:5174/
  ➜  Network: use --host to expose
(!) Failed to run dependency scan. Skipping dependency pre-bundling. Error:   Failed to scan for dependencies from entries:
  /app/kinship-app/index.html

  [31m✘ [41;31m[[41;97mERROR[41;31m][0m [1mUnexpected "export"[0m

    src/App.jsx:1627:0:
[37m      1627 │ [32mexport[37m default function App() {
           ╵ [32m~~~~~~[0m


    at failureErrorWithLog (/app/kinship-app/node_modules/esbuild/lib/main.js:1467:15)
    at /app/kinship-app/node_modules/esbuild/lib/main.js:926:25
    at runOnEndCallbacks (/app/kinship-app/node_modules/esbuild/lib/main.js:1307:45)
    at buildResponseToResult (/app/kinship-app/node_modules/esbuild/lib/main.js:924:7)
    at /app/kinship-app/node_modules/esbuild/lib/main.js:936:9
    at new Promise (<anonymous>)
    at requestCallbacks.on-end (/app/kinship-app/node_modules/esbuild/lib/main.js:935:54)
    at handleRequest (/app/kinship-app/node_modules/esbuild/lib/main.js:628:17)
    at handleIncomingPacket (/app/kinship-app/node_modules/esbuild/lib/main.js:653:7)
    at Socket.readFromStdout (/app/kinship-a12:57:47 PM [vite] (client) Pre-transform e12:59:09 PM [vite] (client) ✨ new dependencies optimized: react-dom/client, reactflow, dagre, lucide-react, react-leaflet, leaflet, react-markdown, remark-gfm, @google/genai
12:59:09 PM [vite] (client) ✨ optimized dependencies changed. reloading
  1629 |   const [searchText, setSearchText] = useState('');
  1630 |   const [viewMode, setViewMode] = useState('list'); // 'list', 'graph', 'hitlist'
  Plugin: vite:react-babel
  File: /app/kinship-app/src/App.jsx:1627:0
  1625 |  };
  1626 |
  1627 |  export default function App() {
       |  ^
  1628 |    const [selectedAncestor, setSelectedAncestor] = useState(null);
  1629 |    const [searchText, setSearchText] = useState('');
12:57:48 PM [vite] Internal server error: /app/kinship-app/src/App.jsx: 'import' and 'export' may only appear at the top level. (1627:0)

  1625 | };
  1626 |
> 1627 | export default function App() {
       | ^
  1628 |   const [selectedAncestor, setSelectedAncestor] = useState(null);
  1629 |   const [searchText, setSearchText] = useState('');
  1630 |   const [viewMode, setViewMode] = useState('list'); // 'list', 'graph', 'hitlist'
  Plugin: vite:react-babel
  File: /app/kinship-app/src/App.jsx:1627:0
  1625 |  };
  1626 |
  1627 |  export default function App() {
       |  ^
  1628 |    const [selectedAncestor, setSelectedAncestor] = useState(null);
  1629 |    const [searchText, setSearchText] = useState('');
      at constructor (/app/kinship-app/node_modules/@babel/parser/lib/index.js:367:19)
      at JSXParserMixin.raise (/app/kinship-app/node_modules/@babel/parser/lib/index.js:6624:19)
      at JSXParserMixin.parseStatementContent (/app/kinship-app/node_modules/@babel/parser/lib/index.js:12947:18)
      at JSXParserMixin.parseStatementLike (/app/kinship-app/node_modules/@babel/parser/lib/index.js:12843:17)
      at JSXParserMixin.parseStatementListItem (/app/kinship-app/node_modules/@babel/parser/lib/index.js:12823:17)
      at JSXParserMixin.parseBlockOrModuleBlockBody (/app/kinship-app/node_modules/@babel/parser/lib/index.js:13392:61)
      at JSXParserMixin.parseBlockBody (/app/kinship-app/node_modules/@babel/parser/lib/index.js:13385:10)
      at JSXParserMixin.parseBlock (/app/kinship-app/node_modules/@babel/parser/lib/index.js:13373:10)
      at JSXParserMixin.parseFunctionBody (/app/kinship-app/node_modules/@babel/parser/lib/index.js:12174:24)
      at JSXParserMixin.parseArrowExpression (/app/kinship-app/node_modules/@babel/parser/lib/index.js:12149:10)
      at JSXParserMixin.parseParenAndDistinguishExpression (/app/kinship-app/node_modules/@babel/parser/lib/index.js:11759:12)
      at JSXParserMixin.parseExprAtom (/app/kinship-app/node_modules/@babel/parser/lib/index.js:11395:23)
      at JSXParserMixin.parseExprAtom (/app/kinship-app/node_modules/@babel/parser/lib/index.js:4793:20)
      at JSXParserMixin.parseExprSubscripts (/app/kinship-app/node_modules/@babel/parser/lib/index.js:11145:23)
      at JSXParserMixin.parseUpdate (/app/kinship-app/node_modules/@babel/parser/lib/index.js:11130:21)
      at JSXParserMixin.parseMaybeUnary (/app/kinship-app/node_modules/@babel/parser/lib/index.js:11110:23)
      at JSXParserMixin.parseMaybeUnaryOrPrivate (/app/kinship-app/node_modules/@babel/parser/lib/index.js:10963:61)
      at JSXParserMixin.parseExprOps (/app/kinship-app/node_modules/@babel/parser/lib/index.js:10968:23)
      at JSXParserMixin.parseMaybeConditional (/app/kinship-app/node_modules/@babel/parser/lib/index.js:10945:23)
      at JSXParserMixin.parseMaybeAssign (/app/kinship-app/node_modules/@babel/parser/lib/index.js:10895:21)
      at /app/kinship-app/node_modules/@babel/parser/lib/index.js:10864:39
      at JSXParserMixin.allowInAnd (/app/kinship-app/node_modules/@babel/parser/lib/index.js:12495:16)
      at JSXParserMixin.parseMaybeAssignAllowIn (/app/kinship-app/node_modules/@babel/parser/lib/index.js:10864:17)
      at JSXParserMixin.parseVar (/app/kinship-app/node_modules/@babel/parser/lib/index.js:13460:91)
      at JSXParserMixin.parseVarStatement (/app/kinship-app/node_modules/@babel/parser/lib/index.js:13306:10)
      at JSXParserMixin.parseStatementContent (/app/kinship-app/node_modules/@babel/parser/lib/index.js:12927:23)
      at JSXParserMixin.parseStatementLike (/app/kinship-app/node_modules/@babel/parser/lib/index.js:12843:17)
      at JSXParserMixin.parseModuleItem (/app/kinship-app/node_modules/@babel/parser/lib/index.js:12820:17)
      at JSXParserMixin.parseBlockOrModuleBlockBody (/app/kinship-app/node_modules/@babel/parser/lib/index.js:13392:36)
      at JSXParserMixin.parseBlockBody (/app/kinship-app/node_modules/@babel/parser/lib/index.js:13385:10)
      at JSXParserMixin.parseProgram (/app/kinship-app/node_modules/@babel/parser/lib/index.js:12698:10)
      at JSXParserMixin.parseTopLevel (/app/kinship-app/node_modules/@babel/parser/lib/index.js:12688:25)
      at JSXParserMixin.parse (/app/kinship-app/node_modules/@babel/parser/lib/index.js:14568:25)
      at parse (/app/kinship-app/node_modules/@babel/parser/lib/index.js:14602:38)
      at parser (/app/kinship-app/node_modules/@babel/core/lib/parser/index.js:41:34)
      at parser.next (<anonymous>)
      at normalizeFile (/app/kinship-app/node_modules/@babel/core/lib/transformation/normalize-file.js:64:37)
      at normalizeFile.next (<anonymous>)
      at run (/app/kinship-app/node_modules/@babel/core/lib/transformation/index.js:22:50)
      at run.next (<anonymous>)
      at transform (/app/kinship-app/node_modules/@babel/core/lib/transform.js:22:33)
      at transform.next (<anonymous>)
      at step (/app/kinship-app/node_modules/gensync/index.js:261:32)
      at /app/kinship-app/node_modules/gensync/index.js:273:13
      at async.call.result.err.err (/app/kinship-app/node_modules/gensync/index.js:223:11)
      at /app/kinship-app/node_modules/gensync/index.js:189:28
      at /app/kinship-app/node_modules/@babel/core/lib/gensync-utils/async.js:67:7
      at /app/kinship-app/node_modules/gensync/index.js:113:33
      at step (/app/kinship-app/node_modules/gensync/index.js:287:14)
      at /app/kinship-app/node_modules/gensync/index.js:273:13
12:57:48 PM [vite] (client) ✨ new dependencies optimized: react-dom/client
12:57:48 PM [vite] (client) ✨ optimized dependencies changed. reloading
12:57:49 PM [vite] (client) Pre-transform error: /app/kinship-app/src/App.jsx: 'import' and 'export' may only appear at the top level. (1627:0)

  1625 | };
  1626 |
> 1627 | export default function App() {
       | ^
  1628 |   const [selectedAncestor, setSelectedAncestor] = useState(null);
  1629 |   const [searchText, setSearchText] = useState('');
  1630 |   const [viewMode, setViewMode] = useState('list'); // 'list', 'graph', 'hitlist'
  Plugin: vite:react-babel
  File: /app/kinship-app/src/App.jsx:1627:0
  1625 |  };
  1626 |
  1627 |  export default function App() {
       |  ^
  1628 |    const [selectedAncestor, setSelectedAncestor] = useState(null);
  1629 |    const [searchText, setSearchText] = useState('');
12:57:49 PM [vite] Internal server error: /app/kinship-app/src/App.jsx: 'import' and 'export' may only appear at the top level. (1627:0)

  1625 | };
  1626 |
> 1627 | export default function App() {
       | ^
  1628 |   const [selectedAncestor, setSelectedAncestor] = useState(null);
  1629 |   const [searchText, setSearchText] = useState('');
  1630 |   const [viewMode, setViewMode] = useState('list'); // 'list', 'graph', 'hitlist'
  Plugin: vite:react-babel
  File: /app/kinship-app/src/App.jsx:1627:0
  1625 |  };
  1626 |
  1627 |  export default function App() {
       |  ^
  1628 |    const [selectedAncestor, setSelectedAncestor] = useState(null);
  1629 |    const [searchText, setSearchText] = useState('');
      at constructor (/app/kinship-app/node_modules/@babel/parser/lib/index.js:367:19)
      at JSXParserMixin.raise (/app/kinship-app/node_modules/@babel/parser/lib/index.js:6624:19)
      at JSXParserMixin.parseStatementContent (/app/kinship-app/node_modules/@babel/parser/lib/index.js:12947:18)
      at JSXParserMixin.parseStatementLike (/app/kinship-app/node_modules/@babel/parser/lib/index.js:12843:17)
      at JSXParserMixin.parseStatementListItem (/app/kinship-app/node_modules/@babel/parser/lib/index.js:12823:17)
      at JSXParserMixin.parseBlockOrModuleBlockBody (/app/kinship-app/node_modules/@babel/parser/lib/index.js:13392:61)
      at JSXParserMixin.parseBlockBody (/app/kinship-app/node_modules/@babel/parser/lib/index.js:13385:10)
      at JSXParserMixin.parseBlock (/app/kinship-app/node_modules/@babel/parser/lib/index.js:13373:10)
      at JSXParserMixin.parseFunctionBody (/app/kinship-app/node_modules/@babel/parser/lib/index.js:12174:24)
      at JSXParserMixin.parseArrowExpression (/app/kinship-app/node_modules/@babel/parser/lib/index.js:12149:10)
      at JSXParserMixin.parseParenAndDistinguishExpression (/app/kinship-app/node_modules/@babel/parser/lib/index.js:11759:12)
      at JSXParserMixin.parseExprAtom (/app/kinship-app/node_modules/@babel/parser/lib/index.js:11395:23)
      at JSXParserMixin.parseExprAtom (/app/kinship-app/node_modules/@babel/parser/lib/index.js:4793:20)
      at JSXParserMixin.parseExprSubscripts (/app/kinship-app/node_modules/@babel/parser/lib/index.js:11145:23)
      at JSXParserMixin.parseUpdate (/app/kinship-app/node_modules/@babel/parser/lib/index.js:11130:21)
      at JSXParserMixin.parseMaybeUnary (/app/kinship-app/node_modules/@babel/parser/lib/index.js:11110:23)
      at JSXParserMixin.parseMaybeUnaryOrPrivate (/app/kinship-app/node_modules/@babel/parser/lib/index.js:10963:61)
      at JSXParserMixin.parseExprOps (/app/kinship-app/node_modules/@babel/parser/lib/index.js:10968:23)
      at JSXParserMixin.parseMaybeConditional (/app/kinship-app/node_modules/@babel/parser/lib/index.js:10945:23)
      at JSXParserMixin.parseMaybeAssign (/app/kinship-app/node_modules/@babel/parser/lib/index.js:10895:21)
      at /app/kinship-app/node_modules/@babel/parser/lib/index.js:10864:39
      at JSXParserMixin.allowInAnd (/app/kinship-app/node_modules/@babel/parser/lib/index.js:12495:16)
      at JSXParserMixin.parseMaybeAssignAllowIn (/app/kinship-app/node_modules/@babel/parser/lib/index.js:10864:17)
      at JSXParserMixin.parseVar (/app/kinship-app/node_modules/@babel/parser/lib/index.js:13460:91)
      at JSXParserMixin.parseVarStatement (/app/kinship-app/node_modules/@babel/parser/lib/index.js:13306:10)
      at JSXParserMixin.parseStatementContent (/app/kinship-app/node_modules/@babel/parser/lib/index.js:12927:23)
      at JSXParserMixin.parseStatementLike (/app/kinship-app/node_modules/@babel/parser/lib/index.js:12843:17)
      at JSXParserMixin.parseModuleItem (/app/kinship-app/node_modules/@babel/parser/lib/index.js:12820:17)
      at JSXParserMixin.parseBlockOrModuleBlockBody (/app/kinship-app/node_modules/@babel/parser/lib/index.js:13392:36)
      at JSXParserMixin.parseBlockBody (/app/kinship-app/node_modules/@babel/parser/lib/index.js:13385:10)
      at JSXParserMixin.parseProgram (/app/kinship-app/node_modules/@babel/parser/lib/index.js:12698:10)
      at JSXParserMixin.parseTopLevel (/app/kinship-app/node_modules/@babel/parser/lib/index.js:12688:25)
      at JSXParserMixin.parse (/app/kinship-app/node_modules/@babel/parser/lib/index.js:14568:25)
      at parse (/app/kinship-app/node_modules/@babel/parser/lib/index.js:14602:38)
      at parser (/app/kinship-app/node_modules/@babel/core/lib/parser/index.js:41:34)
      at parser.next (<anonymous>)
      at normalizeFile (/app/kinship-app/node_modules/@babel/core/lib/transformation/normalize-file.js:64:37)
      at normalizeFile.next (<anonymous>)
      at run (/app/kinship-app/node_modules/@babel/core/lib/transformation/index.js:22:50)
      at run.next (<anonymous>)
      at transform (/app/kinship-app/node_modules/@babel/core/lib/transform.js:22:33)
      at transform.next (<anonymous>)
      at step (/app/kinship-app/node_modules/gensync/index.js:261:32)
      at /app/kinship-app/node_modules/gensync/index.js:273:13
      at async.call.result.err.err (/app/kinship-app/node_modules/gensync/index.js:223:11)
      at /app/kinship-app/node_modules/gensync/index.js:189:28
      at /app/kinship-app/node_modules/@babel/core/lib/gensync-utils/async.js:67:7
      at /app/kinship-app/node_modules/gensync/index.js:113:33
      at step (/app/kinship-app/node_modules/gensync/index.js:287:14)
      at /app/kinship-app/node_modules/gensync/index.js:273:13
12:58:15 PM [vite] (client) hmr update /src/index.css
12:58:53 PM [vite] (client) hmr update /src/index.css
12:59:06 PM [vite] (client) ✨ new dependencies optimized: reactflow, dagre, lucide-react, react-leaflet, leaflet, react-markdown, remark-gfm, @google/genai
12:59:06 PM [vite] (client) ✨ optimized dependencies changed. reloading
